{"sessionId": "aedf66", "id": "log_1771916861474", "timestamp": 1771916861474, "location": "core/modules/database_manager.py", "message": "db_connection_success", "data": {"host": "localhost", "database": "sg_ai"}, "runId": "initial", "hypothesisId": "H0"}
{"sessionId": "aedf66", "id": "log_1771916861475", "timestamp": 1771916861475, "location": "core/modules/database_manager.py", "message": "add_candidate_to_db called", "data": {"name": "Akshat", "email": "akshat@example.com"}, "runId": "initial", "hypothesisId": "H1"}
{"sessionId": "aedf66", "id": "log_1771916861499", "timestamp": 1771916861499, "location": "core/modules/database_manager.py", "message": "add_candidate_to_db error", "data": {"error": "1062 (23000): Duplicate entry 'akshat@example.com' for key 'candidates.email'"}, "runId": "initial", "hypothesisId": "H1"}
{"sessionId": "aedf66", "id": "log_1771916861500", "timestamp": 1771916861500, "location": "core/modules/database_manager.py", "message": "add_job_to_db called", "data": {"title": "Data Scientist", "company": "Analyze data and build models."}, "runId": "initial", "hypothesisId": "H3"}
{"sessionId": "aedf66", "id": "log_1771916861512", "timestamp": 1771916861512, "location": "core/modules/database_manager.py", "message": "add_job_to_db committed", "data": {"rowcount": 1}, "runId": "initial", "hypothesisId": "H3"}
{"sessionId": "aedf66", "id": "log_1771916861521", "timestamp": 1771916861521, "location": "core/modules/database_manager.py", "message": "print_all_candidates row", "data": {"id": 1, "uploaded_at_type": "<class 'datetime.datetime'>"}, "runId": "initial", "hypothesisId": "H2"}
{"sessionId": "aedf66", "id": "log_1771994557269", "timestamp": 1771994557269, "location": "core/modules/extractor.py", "message": "extract_text_from_pdf called", "data": {"file_path": "C:\\Users\\aksha\\Desktop\\SG_AI\\tests\\my_notes.pdf"}, "runId": "initial", "hypothesisId": "H4"}
{"sessionId": "aedf66", "id": "log_1771994557515", "timestamp": 1771994557515, "location": "core/modules/extractor.py", "message": "page_extracted", "data": {"page_index": 0, "has_text": true}, "runId": "initial", "hypothesisId": "H4"}
{"sessionId": "aedf66", "id": "log_1771994557554", "timestamp": 1771994557554, "location": "core/modules/extractor.py", "message": "page_extracted", "data": {"page_index": 1, "has_text": true}, "runId": "initial", "hypothesisId": "H4"}
{"sessionId": "aedf66", "id": "log_1771994557610", "timestamp": 1771994557610, "location": "core/modules/extractor.py", "message": "page_extracted", "data": {"page_index": 2, "has_text": true}, "runId": "initial", "hypothesisId": "H4"}
{"sessionId": "aedf66", "id": "log_1771994557667", "timestamp": 1771994557667, "location": "core/modules/extractor.py", "message": "page_extracted", "data": {"page_index": 3, "has_text": true}, "runId": "initial", "hypothesisId": "H4"}
{"sessionId": "aedf66", "id": "log_1771994557730", "timestamp": 1771994557730, "location": "core/modules/extractor.py", "message": "page_extracted", "data": {"page_index": 4, "has_text": true}, "runId": "initial", "hypothesisId": "H4"}
{"sessionId": "aedf66", "id": "log_1771994557770", "timestamp": 1771994557770, "location": "core/modules/extractor.py", "message": "page_extracted", "data": {"page_index": 5, "has_text": true}, "runId": "initial", "hypothesisId": "H4"}
{"sessionId": "aedf66", "id": "log_1771994557826", "timestamp": 1771994557826, "location": "core/modules/extractor.py", "message": "page_extracted", "data": {"page_index": 6, "has_text": true}, "runId": "initial", "hypothesisId": "H4"}
{"sessionId": "aedf66", "id": "log_1771994557879", "timestamp": 1771994557879, "location": "core/modules/extractor.py", "message": "page_extracted", "data": {"page_index": 7, "has_text": true}, "runId": "initial", "hypothesisId": "H4"}
{"sessionId": "aedf66", "id": "log_1771994557936", "timestamp": 1771994557936, "location": "core/modules/extractor.py", "message": "page_extracted", "data": {"page_index": 8, "has_text": true}, "runId": "initial", "hypothesisId": "H4"}
{"sessionId": "aedf66", "id": "log_1771994558008", "timestamp": 1771994558008, "location": "core/modules/extractor.py", "message": "page_extracted", "data": {"page_index": 9, "has_text": true}, "runId": "initial", "hypothesisId": "H4"}
{"sessionId": "aedf66", "id": "log_1771994558095", "timestamp": 1771994558095, "location": "core/modules/extractor.py", "message": "page_extracted", "data": {"page_index": 10, "has_text": true}, "runId": "initial", "hypothesisId": "H4"}
{"sessionId": "aedf66", "id": "log_1771994558140", "timestamp": 1771994558140, "location": "core/modules/extractor.py", "message": "page_extracted", "data": {"page_index": 11, "has_text": true}, "runId": "initial", "hypothesisId": "H4"}
{"sessionId": "aedf66", "id": "log_1771994558166", "timestamp": 1771994558166, "location": "core/modules/extractor.py", "message": "page_extracted", "data": {"page_index": 12, "has_text": true}, "runId": "initial", "hypothesisId": "H4"}
{"sessionId": "aedf66", "id": "log_1771994558191", "timestamp": 1771994558191, "location": "core/modules/extractor.py", "message": "page_extracted", "data": {"page_index": 13, "has_text": true}, "runId": "initial", "hypothesisId": "H4"}
{"sessionId": "aedf66", "id": "log_1771994558211", "timestamp": 1771994558211, "location": "core/modules/extractor.py", "message": "page_extracted", "data": {"page_index": 14, "has_text": true}, "runId": "initial", "hypothesisId": "H4"}
{"sessionId": "aedf66", "id": "log_1771994558212", "timestamp": 1771994558212, "location": "core/modules/extractor.py", "message": "extract_text_from_pdf completed", "data": {"text_length": 33528}, "runId": "initial", "hypothesisId": "H4"}
{"sessionId": "aedf66", "id": "log_1772002527968", "timestamp": 1772002527968, "location": "core/modules/extractor.py", "message": "extract_text_from_pdf called", "data": {"file_path": "C:\\Users\\aksha\\Desktop\\SG_AI\\tests\\my_notes.pdf"}, "runId": "initial", "hypothesisId": "H4"}
{"sessionId": "aedf66", "id": "log_1772002528073", "timestamp": 1772002528073, "location": "core/modules/extractor.py", "message": "page_extracted", "data": {"page_index": 0, "has_text": true}, "runId": "initial", "hypothesisId": "H4"}
{"sessionId": "aedf66", "id": "log_1772002528106", "timestamp": 1772002528106, "location": "core/modules/extractor.py", "message": "page_extracted", "data": {"page_index": 1, "has_text": true}, "runId": "initial", "hypothesisId": "H4"}
{"sessionId": "aedf66", "id": "log_1772002528160", "timestamp": 1772002528160, "location": "core/modules/extractor.py", "message": "page_extracted", "data": {"page_index": 2, "has_text": true}, "runId": "initial", "hypothesisId": "H4"}
{"sessionId": "aedf66", "id": "log_1772002528209", "timestamp": 1772002528209, "location": "core/modules/extractor.py", "message": "page_extracted", "data": {"page_index": 3, "has_text": true}, "runId": "initial", "hypothesisId": "H4"}
{"sessionId": "aedf66", "id": "log_1772002528269", "timestamp": 1772002528269, "location": "core/modules/extractor.py", "message": "page_extracted", "data": {"page_index": 4, "has_text": true}, "runId": "initial", "hypothesisId": "H4"}
{"sessionId": "aedf66", "id": "log_1772002528308", "timestamp": 1772002528308, "location": "core/modules/extractor.py", "message": "page_extracted", "data": {"page_index": 5, "has_text": true}, "runId": "initial", "hypothesisId": "H4"}
{"sessionId": "aedf66", "id": "log_1772002528360", "timestamp": 1772002528360, "location": "core/modules/extractor.py", "message": "page_extracted", "data": {"page_index": 6, "has_text": true}, "runId": "initial", "hypothesisId": "H4"}
{"sessionId": "aedf66", "id": "log_1772002528411", "timestamp": 1772002528411, "location": "core/modules/extractor.py", "message": "page_extracted", "data": {"page_index": 7, "has_text": true}, "runId": "initial", "hypothesisId": "H4"}
{"sessionId": "aedf66", "id": "log_1772002528463", "timestamp": 1772002528463, "location": "core/modules/extractor.py", "message": "page_extracted", "data": {"page_index": 8, "has_text": true}, "runId": "initial", "hypothesisId": "H4"}
{"sessionId": "aedf66", "id": "log_1772002528515", "timestamp": 1772002528515, "location": "core/modules/extractor.py", "message": "page_extracted", "data": {"page_index": 9, "has_text": true}, "runId": "initial", "hypothesisId": "H4"}
{"sessionId": "aedf66", "id": "log_1772002528559", "timestamp": 1772002528559, "location": "core/modules/extractor.py", "message": "page_extracted", "data": {"page_index": 10, "has_text": true}, "runId": "initial", "hypothesisId": "H4"}
{"sessionId": "aedf66", "id": "log_1772002528595", "timestamp": 1772002528595, "location": "core/modules/extractor.py", "message": "page_extracted", "data": {"page_index": 11, "has_text": true}, "runId": "initial", "hypothesisId": "H4"}
{"sessionId": "aedf66", "id": "log_1772002528617", "timestamp": 1772002528617, "location": "core/modules/extractor.py", "message": "page_extracted", "data": {"page_index": 12, "has_text": true}, "runId": "initial", "hypothesisId": "H4"}
{"sessionId": "aedf66", "id": "log_1772002528641", "timestamp": 1772002528641, "location": "core/modules/extractor.py", "message": "page_extracted", "data": {"page_index": 13, "has_text": true}, "runId": "initial", "hypothesisId": "H4"}
{"sessionId": "aedf66", "id": "log_1772002528661", "timestamp": 1772002528661, "location": "core/modules/extractor.py", "message": "page_extracted", "data": {"page_index": 14, "has_text": true}, "runId": "initial", "hypothesisId": "H4"}
{"sessionId": "aedf66", "id": "log_1772002528662", "timestamp": 1772002528662, "location": "core/modules/extractor.py", "message": "extract_text_from_pdf completed", "data": {"text_length": 33528}, "runId": "initial", "hypothesisId": "H4"}
{"sessionId": "aedf66", "id": "log_1772002663571", "timestamp": 1772002663571, "location": "core/modules/extractor.py", "message": "extract_text_from_pdf called", "data": {"file_path": "C:\\Users\\aksha\\Desktop\\SG_AI\\tests\\my_notes.pdf"}, "runId": "initial", "hypothesisId": "H4"}
{"sessionId": "aedf66", "id": "log_1772002663643", "timestamp": 1772002663643, "location": "core/modules/extractor.py", "message": "page_extracted", "data": {"page_index": 0, "has_text": true}, "runId": "initial", "hypothesisId": "H4"}
{"sessionId": "aedf66", "id": "log_1772002663675", "timestamp": 1772002663675, "location": "core/modules/extractor.py", "message": "page_extracted", "data": {"page_index": 1, "has_text": true}, "runId": "initial", "hypothesisId": "H4"}
{"sessionId": "aedf66", "id": "log_1772002663728", "timestamp": 1772002663728, "location": "core/modules/extractor.py", "message": "page_extracted", "data": {"page_index": 2, "has_text": true}, "runId": "initial", "hypothesisId": "H4"}
{"sessionId": "aedf66", "id": "log_1772002663786", "timestamp": 1772002663786, "location": "core/modules/extractor.py", "message": "page_extracted", "data": {"page_index": 3, "has_text": true}, "runId": "initial", "hypothesisId": "H4"}
{"sessionId": "aedf66", "id": "log_1772002663851", "timestamp": 1772002663851, "location": "core/modules/extractor.py", "message": "page_extracted", "data": {"page_index": 4, "has_text": true}, "runId": "initial", "hypothesisId": "H4"}
{"sessionId": "aedf66", "id": "log_1772002663892", "timestamp": 1772002663892, "location": "core/modules/extractor.py", "message": "page_extracted", "data": {"page_index": 5, "has_text": true}, "runId": "initial", "hypothesisId": "H4"}
{"sessionId": "aedf66", "id": "log_1772002663953", "timestamp": 1772002663953, "location": "core/modules/extractor.py", "message": "page_extracted", "data": {"page_index": 6, "has_text": true}, "runId": "initial", "hypothesisId": "H4"}
{"sessionId": "aedf66", "id": "log_1772002664011", "timestamp": 1772002664011, "location": "core/modules/extractor.py", "message": "page_extracted", "data": {"page_index": 7, "has_text": true}, "runId": "initial", "hypothesisId": "H4"}
{"sessionId": "aedf66", "id": "log_1772002664065", "timestamp": 1772002664065, "location": "core/modules/extractor.py", "message": "page_extracted", "data": {"page_index": 8, "has_text": true}, "runId": "initial", "hypothesisId": "H4"}
{"sessionId": "aedf66", "id": "log_1772002664116", "timestamp": 1772002664116, "location": "core/modules/extractor.py", "message": "page_extracted", "data": {"page_index": 9, "has_text": true}, "runId": "initial", "hypothesisId": "H4"}
{"sessionId": "aedf66", "id": "log_1772002664175", "timestamp": 1772002664175, "location": "core/modules/extractor.py", "message": "page_extracted", "data": {"page_index": 10, "has_text": true}, "runId": "initial", "hypothesisId": "H4"}
{"sessionId": "aedf66", "id": "log_1772002664221", "timestamp": 1772002664221, "location": "core/modules/extractor.py", "message": "page_extracted", "data": {"page_index": 11, "has_text": true}, "runId": "initial", "hypothesisId": "H4"}
{"sessionId": "aedf66", "id": "log_1772002664254", "timestamp": 1772002664254, "location": "core/modules/extractor.py", "message": "page_extracted", "data": {"page_index": 12, "has_text": true}, "runId": "initial", "hypothesisId": "H4"}
{"sessionId": "aedf66", "id": "log_1772002664281", "timestamp": 1772002664281, "location": "core/modules/extractor.py", "message": "page_extracted", "data": {"page_index": 13, "has_text": true}, "runId": "initial", "hypothesisId": "H4"}
{"sessionId": "aedf66", "id": "log_1772002664303", "timestamp": 1772002664303, "location": "core/modules/extractor.py", "message": "page_extracted", "data": {"page_index": 14, "has_text": true}, "runId": "initial", "hypothesisId": "H4"}
{"sessionId": "aedf66", "id": "log_1772002664304", "timestamp": 1772002664304, "location": "core/modules/extractor.py", "message": "extract_text_from_pdf completed", "data": {"text_length": 33528}, "runId": "initial", "hypothesisId": "H4"}
{"sessionId": "aedf66", "id": "log_1772003964529", "timestamp": 1772003964529, "location": "core/modules/extractor.py", "message": "extract_text_from_pdf called", "data": {"file_path": "C:\\Users\\aksha\\Desktop\\SG_AI\\tests\\my_notes.pdf"}, "runId": "initial", "hypothesisId": "H4"}
{"sessionId": "aedf66", "id": "log_1772003964613", "timestamp": 1772003964613, "location": "core/modules/extractor.py", "message": "page_extracted", "data": {"page_index": 0, "has_text": true}, "runId": "initial", "hypothesisId": "H4"}
{"sessionId": "aedf66", "id": "log_1772003964650", "timestamp": 1772003964650, "location": "core/modules/extractor.py", "message": "page_extracted", "data": {"page_index": 1, "has_text": true}, "runId": "initial", "hypothesisId": "H4"}
{"sessionId": "aedf66", "id": "log_1772003964713", "timestamp": 1772003964713, "location": "core/modules/extractor.py", "message": "page_extracted", "data": {"page_index": 2, "has_text": true}, "runId": "initial", "hypothesisId": "H4"}
{"sessionId": "aedf66", "id": "log_1772003964769", "timestamp": 1772003964769, "location": "core/modules/extractor.py", "message": "page_extracted", "data": {"page_index": 3, "has_text": true}, "runId": "initial", "hypothesisId": "H4"}
{"sessionId": "aedf66", "id": "log_1772003964838", "timestamp": 1772003964838, "location": "core/modules/extractor.py", "message": "page_extracted", "data": {"page_index": 4, "has_text": true}, "runId": "initial", "hypothesisId": "H4"}
{"sessionId": "aedf66", "id": "log_1772003964885", "timestamp": 1772003964885, "location": "core/modules/extractor.py", "message": "page_extracted", "data": {"page_index": 5, "has_text": true}, "runId": "initial", "hypothesisId": "H4"}
{"sessionId": "aedf66", "id": "log_1772003964948", "timestamp": 1772003964948, "location": "core/modules/extractor.py", "message": "page_extracted", "data": {"page_index": 6, "has_text": true}, "runId": "initial", "hypothesisId": "H4"}
{"sessionId": "aedf66", "id": "log_1772003965008", "timestamp": 1772003965008, "location": "core/modules/extractor.py", "message": "page_extracted", "data": {"page_index": 7, "has_text": true}, "runId": "initial", "hypothesisId": "H4"}
{"sessionId": "aedf66", "id": "log_1772003965078", "timestamp": 1772003965078, "location": "core/modules/extractor.py", "message": "page_extracted", "data": {"page_index": 8, "has_text": true}, "runId": "initial", "hypothesisId": "H4"}
{"sessionId": "aedf66", "id": "log_1772003965140", "timestamp": 1772003965140, "location": "core/modules/extractor.py", "message": "page_extracted", "data": {"page_index": 9, "has_text": true}, "runId": "initial", "hypothesisId": "H4"}
{"sessionId": "aedf66", "id": "log_1772003965214", "timestamp": 1772003965214, "location": "core/modules/extractor.py", "message": "page_extracted", "data": {"page_index": 10, "has_text": true}, "runId": "initial", "hypothesisId": "H4"}
{"sessionId": "aedf66", "id": "log_1772003965263", "timestamp": 1772003965263, "location": "core/modules/extractor.py", "message": "page_extracted", "data": {"page_index": 11, "has_text": true}, "runId": "initial", "hypothesisId": "H4"}
{"sessionId": "aedf66", "id": "log_1772003965292", "timestamp": 1772003965292, "location": "core/modules/extractor.py", "message": "page_extracted", "data": {"page_index": 12, "has_text": true}, "runId": "initial", "hypothesisId": "H4"}
{"sessionId": "aedf66", "id": "log_1772003965323", "timestamp": 1772003965323, "location": "core/modules/extractor.py", "message": "page_extracted", "data": {"page_index": 13, "has_text": true}, "runId": "initial", "hypothesisId": "H4"}
{"sessionId": "aedf66", "id": "log_1772003965347", "timestamp": 1772003965347, "location": "core/modules/extractor.py", "message": "page_extracted", "data": {"page_index": 14, "has_text": true}, "runId": "initial", "hypothesisId": "H4"}
{"sessionId": "aedf66", "id": "log_1772003965348", "timestamp": 1772003965348, "location": "core/modules/extractor.py", "message": "extract_text_from_pdf completed", "data": {"text_length": 33528}, "runId": "initial", "hypothesisId": "H4"}
{"sessionId": "aedf66", "id": "log_1772004548199", "timestamp": 1772004548199, "location": "core/modules/extractor.py", "message": "extract_text_from_pdf called", "data": {"file_path": "C:\\Users\\aksha\\Desktop\\SG_AI\\tests\\my_notes.pdf"}, "runId": "initial", "hypothesisId": "H4"}
{"sessionId": "aedf66", "id": "log_1772004548274", "timestamp": 1772004548274, "location": "core/modules/extractor.py", "message": "page_extracted", "data": {"page_index": 0, "has_text": true}, "runId": "initial", "hypothesisId": "H4"}
{"sessionId": "aedf66", "id": "log_1772004548309", "timestamp": 1772004548309, "location": "core/modules/extractor.py", "message": "page_extracted", "data": {"page_index": 1, "has_text": true}, "runId": "initial", "hypothesisId": "H4"}
{"sessionId": "aedf66", "id": "log_1772004548370", "timestamp": 1772004548370, "location": "core/modules/extractor.py", "message": "page_extracted", "data": {"page_index": 2, "has_text": true}, "runId": "initial", "hypothesisId": "H4"}
{"sessionId": "aedf66", "id": "log_1772004548425", "timestamp": 1772004548425, "location": "core/modules/extractor.py", "message": "page_extracted", "data": {"page_index": 3, "has_text": true}, "runId": "initial", "hypothesisId": "H4"}
{"sessionId": "aedf66", "id": "log_1772004548501", "timestamp": 1772004548501, "location": "core/modules/extractor.py", "message": "page_extracted", "data": {"page_index": 4, "has_text": true}, "runId": "initial", "hypothesisId": "H4"}
{"sessionId": "aedf66", "id": "log_1772004548546", "timestamp": 1772004548546, "location": "core/modules/extractor.py", "message": "page_extracted", "data": {"page_index": 5, "has_text": true}, "runId": "initial", "hypothesisId": "H4"}
{"sessionId": "aedf66", "id": "log_1772004548606", "timestamp": 1772004548606, "location": "core/modules/extractor.py", "message": "page_extracted", "data": {"page_index": 6, "has_text": true}, "runId": "initial", "hypothesisId": "H4"}
{"sessionId": "aedf66", "id": "log_1772004548735", "timestamp": 1772004548735, "location": "core/modules/extractor.py", "message": "page_extracted", "data": {"page_index": 7, "has_text": true}, "runId": "initial", "hypothesisId": "H4"}
{"sessionId": "aedf66", "id": "log_1772004548799", "timestamp": 1772004548799, "location": "core/modules/extractor.py", "message": "page_extracted", "data": {"page_index": 8, "has_text": true}, "runId": "initial", "hypothesisId": "H4"}
{"sessionId": "aedf66", "id": "log_1772004548854", "timestamp": 1772004548854, "location": "core/modules/extractor.py", "message": "page_extracted", "data": {"page_index": 9, "has_text": true}, "runId": "initial", "hypothesisId": "H4"}
{"sessionId": "aedf66", "id": "log_1772004548904", "timestamp": 1772004548904, "location": "core/modules/extractor.py", "message": "page_extracted", "data": {"page_index": 10, "has_text": true}, "runId": "initial", "hypothesisId": "H4"}
{"sessionId": "aedf66", "id": "log_1772004548945", "timestamp": 1772004548945, "location": "core/modules/extractor.py", "message": "page_extracted", "data": {"page_index": 11, "has_text": true}, "runId": "initial", "hypothesisId": "H4"}
{"sessionId": "aedf66", "id": "log_1772004548970", "timestamp": 1772004548970, "location": "core/modules/extractor.py", "message": "page_extracted", "data": {"page_index": 12, "has_text": true}, "runId": "initial", "hypothesisId": "H4"}
{"sessionId": "aedf66", "id": "log_1772004548999", "timestamp": 1772004548999, "location": "core/modules/extractor.py", "message": "page_extracted", "data": {"page_index": 13, "has_text": true}, "runId": "initial", "hypothesisId": "H4"}
{"sessionId": "aedf66", "id": "log_1772004549020", "timestamp": 1772004549020, "location": "core/modules/extractor.py", "message": "page_extracted", "data": {"page_index": 14, "has_text": true}, "runId": "initial", "hypothesisId": "H4"}
{"sessionId": "aedf66", "id": "log_1772004549021", "timestamp": 1772004549021, "location": "core/modules/extractor.py", "message": "extract_text_from_pdf completed", "data": {"text_length": 33528}, "runId": "initial", "hypothesisId": "H4"}
{"sessionId": "aedf66", "id": "log_1772007774391", "timestamp": 1772007774391, "location": "core/modules/extractor.py", "message": "extract_text_from_pdf called", "data": {"file_path": "uploads\\Strategic Development Roadmap for SkillGap AI_ A Pedagogical Approach to Applied NLP and Full-Stack Engineering.pdf"}, "runId": "initial", "hypothesisId": "H4"}
{"sessionId": "aedf66", "id": "log_1772007774503", "timestamp": 1772007774503, "location": "core/modules/extractor.py", "message": "page_extracted", "data": {"page_index": 0, "has_text": true}, "runId": "initial", "hypothesisId": "H4"}
{"sessionId": "aedf66", "id": "log_1772007774538", "timestamp": 1772007774538, "location": "core/modules/extractor.py", "message": "page_extracted", "data": {"page_index": 1, "has_text": true}, "runId": "initial", "hypothesisId": "H4"}
{"sessionId": "aedf66", "id": "log_1772007774612", "timestamp": 1772007774612, "location": "core/modules/extractor.py", "message": "page_extracted", "data": {"page_index": 2, "has_text": true}, "runId": "initial", "hypothesisId": "H4"}
{"sessionId": "aedf66", "id": "log_1772007774662", "timestamp": 1772007774662, "location": "core/modules/extractor.py", "message": "page_extracted", "data": {"page_index": 3, "has_text": true}, "runId": "initial", "hypothesisId": "H4"}
{"sessionId": "aedf66", "id": "log_1772007774721", "timestamp": 1772007774721, "location": "core/modules/extractor.py", "message": "page_extracted", "data": {"page_index": 4, "has_text": true}, "runId": "initial", "hypothesisId": "H4"}
{"sessionId": "aedf66", "id": "log_1772007774762", "timestamp": 1772007774762, "location": "core/modules/extractor.py", "message": "page_extracted", "data": {"page_index": 5, "has_text": true}, "runId": "initial", "hypothesisId": "H4"}
{"sessionId": "aedf66", "id": "log_1772007774818", "timestamp": 1772007774818, "location": "core/modules/extractor.py", "message": "page_extracted", "data": {"page_index": 6, "has_text": true}, "runId": "initial", "hypothesisId": "H4"}
{"sessionId": "aedf66", "id": "log_1772007774878", "timestamp": 1772007774878, "location": "core/modules/extractor.py", "message": "page_extracted", "data": {"page_index": 7, "has_text": true}, "runId": "initial", "hypothesisId": "H4"}
{"sessionId": "aedf66", "id": "log_1772007774951", "timestamp": 1772007774951, "location": "core/modules/extractor.py", "message": "page_extracted", "data": {"page_index": 8, "has_text": true}, "runId": "initial", "hypothesisId": "H4"}
{"sessionId": "aedf66", "id": "log_1772007775024", "timestamp": 1772007775024, "location": "core/modules/extractor.py", "message": "page_extracted", "data": {"page_index": 9, "has_text": true}, "runId": "initial", "hypothesisId": "H4"}
{"sessionId": "aedf66", "id": "log_1772007775083", "timestamp": 1772007775083, "location": "core/modules/extractor.py", "message": "page_extracted", "data": {"page_index": 10, "has_text": true}, "runId": "initial", "hypothesisId": "H4"}
{"sessionId": "aedf66", "id": "log_1772007775125", "timestamp": 1772007775125, "location": "core/modules/extractor.py", "message": "page_extracted", "data": {"page_index": 11, "has_text": true}, "runId": "initial", "hypothesisId": "H4"}
{"sessionId": "aedf66", "id": "log_1772007775149", "timestamp": 1772007775149, "location": "core/modules/extractor.py", "message": "page_extracted", "data": {"page_index": 12, "has_text": true}, "runId": "initial", "hypothesisId": "H4"}
{"sessionId": "aedf66", "id": "log_1772007775175", "timestamp": 1772007775175, "location": "core/modules/extractor.py", "message": "page_extracted", "data": {"page_index": 13, "has_text": true}, "runId": "initial", "hypothesisId": "H4"}
{"sessionId": "aedf66", "id": "log_1772007775198", "timestamp": 1772007775198, "location": "core/modules/extractor.py", "message": "page_extracted", "data": {"page_index": 14, "has_text": true}, "runId": "initial", "hypothesisId": "H4"}
{"sessionId": "aedf66", "id": "log_1772007775198", "timestamp": 1772007775198, "location": "core/modules/extractor.py", "message": "extract_text_from_pdf completed", "data": {"text_length": 33528}, "runId": "initial", "hypothesisId": "H4"}
{"sessionId": "aedf66", "id": "log_1772007906955", "timestamp": 1772007906955, "location": "core/modules/extractor.py", "message": "extract_text_from_pdf called", "data": {"file_path": "uploads\\Strategic Development Roadmap for SkillGap AI_ A Pedagogical Approach to Applied NLP and Full-Stack Engineering.pdf"}, "runId": "initial", "hypothesisId": "H4"}
{"sessionId": "aedf66", "id": "log_1772007907060", "timestamp": 1772007907060, "location": "core/modules/extractor.py", "message": "page_extracted", "data": {"page_index": 0, "has_text": true}, "runId": "initial", "hypothesisId": "H4"}
{"sessionId": "aedf66", "id": "log_1772007907096", "timestamp": 1772007907096, "location": "core/modules/extractor.py", "message": "page_extracted", "data": {"page_index": 1, "has_text": true}, "runId": "initial", "hypothesisId": "H4"}
{"sessionId": "aedf66", "id": "log_1772007907162", "timestamp": 1772007907162, "location": "core/modules/extractor.py", "message": "page_extracted", "data": {"page_index": 2, "has_text": true}, "runId": "initial", "hypothesisId": "H4"}
{"sessionId": "aedf66", "id": "log_1772007907214", "timestamp": 1772007907214, "location": "core/modules/extractor.py", "message": "page_extracted", "data": {"page_index": 3, "has_text": true}, "runId": "initial", "hypothesisId": "H4"}
{"sessionId": "aedf66", "id": "log_1772007907275", "timestamp": 1772007907275, "location": "core/modules/extractor.py", "message": "page_extracted", "data": {"page_index": 4, "has_text": true}, "runId": "initial", "hypothesisId": "H4"}
{"sessionId": "aedf66", "id": "log_1772007907318", "timestamp": 1772007907318, "location": "core/modules/extractor.py", "message": "page_extracted", "data": {"page_index": 5, "has_text": true}, "runId": "initial", "hypothesisId": "H4"}
{"sessionId": "aedf66", "id": "log_1772007907375", "timestamp": 1772007907375, "location": "core/modules/extractor.py", "message": "page_extracted", "data": {"page_index": 6, "has_text": true}, "runId": "initial", "hypothesisId": "H4"}
{"sessionId": "aedf66", "id": "log_1772007907433", "timestamp": 1772007907433, "location": "core/modules/extractor.py", "message": "page_extracted", "data": {"page_index": 7, "has_text": true}, "runId": "initial", "hypothesisId": "H4"}
{"sessionId": "aedf66", "id": "log_1772007907496", "timestamp": 1772007907496, "location": "core/modules/extractor.py", "message": "page_extracted", "data": {"page_index": 8, "has_text": true}, "runId": "initial", "hypothesisId": "H4"}
{"sessionId": "aedf66", "id": "log_1772007907550", "timestamp": 1772007907550, "location": "core/modules/extractor.py", "message": "page_extracted", "data": {"page_index": 9, "has_text": true}, "runId": "initial", "hypothesisId": "H4"}
{"sessionId": "aedf66", "id": "log_1772007907601", "timestamp": 1772007907601, "location": "core/modules/extractor.py", "message": "page_extracted", "data": {"page_index": 10, "has_text": true}, "runId": "initial", "hypothesisId": "H4"}
{"sessionId": "aedf66", "id": "log_1772007907643", "timestamp": 1772007907643, "location": "core/modules/extractor.py", "message": "page_extracted", "data": {"page_index": 11, "has_text": true}, "runId": "initial", "hypothesisId": "H4"}
{"sessionId": "aedf66", "id": "log_1772007907666", "timestamp": 1772007907666, "location": "core/modules/extractor.py", "message": "page_extracted", "data": {"page_index": 12, "has_text": true}, "runId": "initial", "hypothesisId": "H4"}
{"sessionId": "aedf66", "id": "log_1772007907692", "timestamp": 1772007907692, "location": "core/modules/extractor.py", "message": "page_extracted", "data": {"page_index": 13, "has_text": true}, "runId": "initial", "hypothesisId": "H4"}
{"sessionId": "aedf66", "id": "log_1772007907714", "timestamp": 1772007907714, "location": "core/modules/extractor.py", "message": "page_extracted", "data": {"page_index": 14, "has_text": true}, "runId": "initial", "hypothesisId": "H4"}
{"sessionId": "aedf66", "id": "log_1772007907715", "timestamp": 1772007907715, "location": "core/modules/extractor.py", "message": "extract_text_from_pdf completed", "data": {"text_length": 33528}, "runId": "initial", "hypothesisId": "H4"}
{"sessionId": "aedf66", "id": "log_1772007945578", "timestamp": 1772007945578, "location": "core/modules/extractor.py", "message": "extract_text_from_pdf called", "data": {"file_path": "uploads\\Strategic Development Roadmap for SkillGap AI_ A Pedagogical Approach to Applied NLP and Full-Stack Engineering.pdf"}, "runId": "initial", "hypothesisId": "H4"}
{"sessionId": "aedf66", "id": "log_1772007945672", "timestamp": 1772007945672, "location": "core/modules/extractor.py", "message": "page_extracted", "data": {"page_index": 0, "has_text": true}, "runId": "initial", "hypothesisId": "H4"}
{"sessionId": "aedf66", "id": "log_1772007945710", "timestamp": 1772007945710, "location": "core/modules/extractor.py", "message": "page_extracted", "data": {"page_index": 1, "has_text": true}, "runId": "initial", "hypothesisId": "H4"}
{"sessionId": "aedf66", "id": "log_1772007945776", "timestamp": 1772007945776, "location": "core/modules/extractor.py", "message": "page_extracted", "data": {"page_index": 2, "has_text": true}, "runId": "initial", "hypothesisId": "H4"}
{"sessionId": "aedf66", "id": "log_1772007945824", "timestamp": 1772007945824, "location": "core/modules/extractor.py", "message": "page_extracted", "data": {"page_index": 3, "has_text": true}, "runId": "initial", "hypothesisId": "H4"}
{"sessionId": "aedf66", "id": "log_1772007945879", "timestamp": 1772007945879, "location": "core/modules/extractor.py", "message": "page_extracted", "data": {"page_index": 4, "has_text": true}, "runId": "initial", "hypothesisId": "H4"}
{"sessionId": "aedf66", "id": "log_1772007945919", "timestamp": 1772007945919, "location": "core/modules/extractor.py", "message": "page_extracted", "data": {"page_index": 5, "has_text": true}, "runId": "initial", "hypothesisId": "H4"}
{"sessionId": "aedf66", "id": "log_1772007945973", "timestamp": 1772007945973, "location": "core/modules/extractor.py", "message": "page_extracted", "data": {"page_index": 6, "has_text": true}, "runId": "initial", "hypothesisId": "H4"}
{"sessionId": "aedf66", "id": "log_1772007946028", "timestamp": 1772007946028, "location": "core/modules/extractor.py", "message": "page_extracted", "data": {"page_index": 7, "has_text": true}, "runId": "initial", "hypothesisId": "H4"}
{"sessionId": "aedf66", "id": "log_1772007946087", "timestamp": 1772007946087, "location": "core/modules/extractor.py", "message": "page_extracted", "data": {"page_index": 8, "has_text": true}, "runId": "initial", "hypothesisId": "H4"}
{"sessionId": "aedf66", "id": "log_1772007946140", "timestamp": 1772007946140, "location": "core/modules/extractor.py", "message": "page_extracted", "data": {"page_index": 9, "has_text": true}, "runId": "initial", "hypothesisId": "H4"}
{"sessionId": "aedf66", "id": "log_1772007946188", "timestamp": 1772007946188, "location": "core/modules/extractor.py", "message": "page_extracted", "data": {"page_index": 10, "has_text": true}, "runId": "initial", "hypothesisId": "H4"}
{"sessionId": "aedf66", "id": "log_1772007946229", "timestamp": 1772007946229, "location": "core/modules/extractor.py", "message": "page_extracted", "data": {"page_index": 11, "has_text": true}, "runId": "initial", "hypothesisId": "H4"}
{"sessionId": "aedf66", "id": "log_1772007946252", "timestamp": 1772007946252, "location": "core/modules/extractor.py", "message": "page_extracted", "data": {"page_index": 12, "has_text": true}, "runId": "initial", "hypothesisId": "H4"}
{"sessionId": "aedf66", "id": "log_1772007946277", "timestamp": 1772007946277, "location": "core/modules/extractor.py", "message": "page_extracted", "data": {"page_index": 13, "has_text": true}, "runId": "initial", "hypothesisId": "H4"}
{"sessionId": "aedf66", "id": "log_1772007946299", "timestamp": 1772007946299, "location": "core/modules/extractor.py", "message": "page_extracted", "data": {"page_index": 14, "has_text": true}, "runId": "initial", "hypothesisId": "H4"}
{"sessionId": "aedf66", "id": "log_1772007946299", "timestamp": 1772007946299, "location": "core/modules/extractor.py", "message": "extract_text_from_pdf completed", "data": {"text_length": 33528}, "runId": "initial", "hypothesisId": "H4"}
{"sessionId": "aedf66", "id": "log_1772008588454", "timestamp": 1772008588454, "location": "core/modules/extractor.py", "message": "extract_text_from_pdf called", "data": {"file_path": "uploads\\SG_AI.pdf"}, "runId": "initial", "hypothesisId": "H4"}
{"sessionId": "aedf66", "id": "log_1772008588552", "timestamp": 1772008588552, "location": "core/modules/extractor.py", "message": "page_extracted", "data": {"page_index": 0, "has_text": true}, "runId": "initial", "hypothesisId": "H4"}
{"sessionId": "aedf66", "id": "log_1772008588553", "timestamp": 1772008588553, "location": "core/modules/extractor.py", "message": "extract_text_from_pdf completed", "data": {"text_length": 1799}, "runId": "initial", "hypothesisId": "H4"}
{"sessionId": "aedf66", "id": "log_1772009690091", "timestamp": 1772009690091, "location": "core/modules/extractor.py", "message": "extract_text_from_pdf called", "data": {"file_path": "uploads\\SG_AI.pdf"}, "runId": "initial", "hypothesisId": "H4"}
{"sessionId": "aedf66", "id": "log_1772009690180", "timestamp": 1772009690180, "location": "core/modules/extractor.py", "message": "page_extracted", "data": {"page_index": 0, "has_text": true}, "runId": "initial", "hypothesisId": "H4"}
{"sessionId": "aedf66", "id": "log_1772009690181", "timestamp": 1772009690181, "location": "core/modules/extractor.py", "message": "extract_text_from_pdf completed", "data": {"text_length": 1799}, "runId": "initial", "hypothesisId": "H4"}
{"sessionId": "aedf66", "id": "log_1772014357388", "timestamp": 1772014357388, "location": "core/modules/extractor.py", "message": "extract_text_from_pdf called", "data": {"file_path": "uploads\\SG_AI.pdf"}, "runId": "initial", "hypothesisId": "H4"}
{"sessionId": "aedf66", "id": "log_1772014357492", "timestamp": 1772014357492, "location": "core/modules/extractor.py", "message": "page_extracted", "data": {"page_index": 0, "has_text": true}, "runId": "initial", "hypothesisId": "H4"}
{"sessionId": "aedf66", "id": "log_1772014357493", "timestamp": 1772014357493, "location": "core/modules/extractor.py", "message": "extract_text_from_pdf completed", "data": {"text_length": 1799}, "runId": "initial", "hypothesisId": "H4"}
{"sessionId": "aedf66", "id": "log_1772187913005", "timestamp": 1772187913005, "location": "core/modules/extractor.py", "message": "extract_text_from_pdf called", "data": {"file_path": "uploads\\SG_AI.pdf"}, "runId": "initial", "hypothesisId": "H4"}
{"sessionId": "aedf66", "id": "log_1772187913117", "timestamp": 1772187913117, "location": "core/modules/extractor.py", "message": "page_extracted", "data": {"page_index": 0, "has_text": true}, "runId": "initial", "hypothesisId": "H4"}
{"sessionId": "aedf66", "id": "log_1772187913119", "timestamp": 1772187913119, "location": "core/modules/extractor.py", "message": "extract_text_from_pdf completed", "data": {"text_length": 1799}, "runId": "initial", "hypothesisId": "H4"}
{"sessionId": "aedf66", "id": "log_1772188187625", "timestamp": 1772188187625, "location": "core/modules/extractor.py", "message": "extract_text_from_pdf called", "data": {"file_path": "uploads\\SG_AI.pdf"}, "runId": "initial", "hypothesisId": "H4"}
{"sessionId": "aedf66", "id": "log_1772188187714", "timestamp": 1772188187714, "location": "core/modules/extractor.py", "message": "page_extracted", "data": {"page_index": 0, "has_text": true}, "runId": "initial", "hypothesisId": "H4"}
{"sessionId": "aedf66", "id": "log_1772188187715", "timestamp": 1772188187715, "location": "core/modules/extractor.py", "message": "extract_text_from_pdf completed", "data": {"text_length": 1799}, "runId": "initial", "hypothesisId": "H4"}
{"sessionId": "aedf66", "id": "log_1772188503607", "timestamp": 1772188503607, "location": "core/modules/extractor.py", "message": "extract_text_from_pdf called", "data": {"file_path": "uploads\\SG_AI.pdf"}, "runId": "initial", "hypothesisId": "H4"}
{"sessionId": "aedf66", "id": "log_1772188503697", "timestamp": 1772188503697, "location": "core/modules/extractor.py", "message": "page_extracted", "data": {"page_index": 0, "has_text": true}, "runId": "initial", "hypothesisId": "H4"}
{"sessionId": "aedf66", "id": "log_1772188503697", "timestamp": 1772188503697, "location": "core/modules/extractor.py", "message": "extract_text_from_pdf completed", "data": {"text_length": 1799}, "runId": "initial", "hypothesisId": "H4"}
{"sessionId": "aedf66", "id": "log_1772188696293", "timestamp": 1772188696293, "location": "core/modules/extractor.py", "message": "extract_text_from_pdf called", "data": {"file_path": "uploads\\SG_AI.pdf"}, "runId": "initial", "hypothesisId": "H4"}
{"sessionId": "aedf66", "id": "log_1772188696414", "timestamp": 1772188696414, "location": "core/modules/extractor.py", "message": "page_extracted", "data": {"page_index": 0, "has_text": true}, "runId": "initial", "hypothesisId": "H4"}
{"sessionId": "aedf66", "id": "log_1772188696414", "timestamp": 1772188696414, "location": "core/modules/extractor.py", "message": "extract_text_from_pdf completed", "data": {"text_length": 1799}, "runId": "initial", "hypothesisId": "H4"}
{"sessionId": "aedf66", "id": "log_1772189748156", "timestamp": 1772189748156, "location": "core/modules/extractor.py", "message": "extract_text_from_pdf called", "data": {"file_path": "uploads\\SG_AI.pdf"}, "runId": "initial", "hypothesisId": "H4"}
{"sessionId": "aedf66", "id": "log_1772189749385", "timestamp": 1772189749385, "location": "core/modules/extractor.py", "message": "page_extracted", "data": {"page_index": 0, "has_text": true}, "runId": "initial", "hypothesisId": "H4"}
{"sessionId": "aedf66", "id": "log_1772189749385", "timestamp": 1772189749385, "location": "core/modules/extractor.py", "message": "extract_text_from_pdf completed", "data": {"text_length": 1799}, "runId": "initial", "hypothesisId": "H4"}
{"sessionId": "aedf66", "id": "log_1772189866005", "timestamp": 1772189866005, "location": "core/modules/extractor.py", "message": "extract_text_from_pdf called", "data": {"file_path": "uploads\\SG_AI.pdf"}, "runId": "initial", "hypothesisId": "H4"}
{"sessionId": "aedf66", "id": "log_1772189866105", "timestamp": 1772189866105, "location": "core/modules/extractor.py", "message": "page_extracted", "data": {"page_index": 0, "has_text": true}, "runId": "initial", "hypothesisId": "H4"}
{"sessionId": "aedf66", "id": "log_1772189866107", "timestamp": 1772189866107, "location": "core/modules/extractor.py", "message": "extract_text_from_pdf completed", "data": {"text_length": 1799}, "runId": "initial", "hypothesisId": "H4"}
{"sessionId": "aedf66", "id": "log_1772189889681", "timestamp": 1772189889681, "location": "core/modules/extractor.py", "message": "extract_text_from_pdf called", "data": {"file_path": "uploads\\SG_AI.pdf"}, "runId": "initial", "hypothesisId": "H4"}
{"sessionId": "aedf66", "id": "log_1772189889745", "timestamp": 1772189889745, "location": "core/modules/extractor.py", "message": "page_extracted", "data": {"page_index": 0, "has_text": true}, "runId": "initial", "hypothesisId": "H4"}
{"sessionId": "aedf66", "id": "log_1772189889746", "timestamp": 1772189889746, "location": "core/modules/extractor.py", "message": "extract_text_from_pdf completed", "data": {"text_length": 1799}, "runId": "initial", "hypothesisId": "H4"}
{"sessionId": "aedf66", "id": "log_1772259717433", "timestamp": 1772259717433, "location": "core/modules/extractor.py", "message": "extract_text_from_pdf called", "data": {"file_path": "C:\\Users\\aksha\\Desktop\\SG_AI\\tests\\my_notes.pdf"}, "runId": "initial", "hypothesisId": "H4"}
{"sessionId": "aedf66", "id": "log_1772259717529", "timestamp": 1772259717529, "location": "core/modules/extractor.py", "message": "page_extracted", "data": {"page_index": 0, "has_text": true}, "runId": "initial", "hypothesisId": "H4"}
{"sessionId": "aedf66", "id": "log_1772259717583", "timestamp": 1772259717583, "location": "core/modules/extractor.py", "message": "page_extracted", "data": {"page_index": 1, "has_text": true}, "runId": "initial", "hypothesisId": "H4"}
{"sessionId": "aedf66", "id": "log_1772259717652", "timestamp": 1772259717652, "location": "core/modules/extractor.py", "message": "page_extracted", "data": {"page_index": 2, "has_text": true}, "runId": "initial", "hypothesisId": "H4"}
{"sessionId": "aedf66", "id": "log_1772259717715", "timestamp": 1772259717715, "location": "core/modules/extractor.py", "message": "page_extracted", "data": {"page_index": 3, "has_text": true}, "runId": "initial", "hypothesisId": "H4"}
{"sessionId": "aedf66", "id": "log_1772259717784", "timestamp": 1772259717784, "location": "core/modules/extractor.py", "message": "page_extracted", "data": {"page_index": 4, "has_text": true}, "runId": "initial", "hypothesisId": "H4"}
{"sessionId": "aedf66", "id": "log_1772259717827", "timestamp": 1772259717827, "location": "core/modules/extractor.py", "message": "page_extracted", "data": {"page_index": 5, "has_text": true}, "runId": "initial", "hypothesisId": "H4"}
{"sessionId": "aedf66", "id": "log_1772259717884", "timestamp": 1772259717884, "location": "core/modules/extractor.py", "message": "page_extracted", "data": {"page_index": 6, "has_text": true}, "runId": "initial", "hypothesisId": "H4"}
{"sessionId": "aedf66", "id": "log_1772259717945", "timestamp": 1772259717945, "location": "core/modules/extractor.py", "message": "page_extracted", "data": {"page_index": 7, "has_text": true}, "runId": "initial", "hypothesisId": "H4"}
{"sessionId": "aedf66", "id": "log_1772259718005", "timestamp": 1772259718005, "location": "core/modules/extractor.py", "message": "page_extracted", "data": {"page_index": 8, "has_text": true}, "runId": "initial", "hypothesisId": "H4"}
{"sessionId": "aedf66", "id": "log_1772259718056", "timestamp": 1772259718056, "location": "core/modules/extractor.py", "message": "page_extracted", "data": {"page_index": 9, "has_text": true}, "runId": "initial", "hypothesisId": "H4"}
{"sessionId": "aedf66", "id": "log_1772259718104", "timestamp": 1772259718104, "location": "core/modules/extractor.py", "message": "page_extracted", "data": {"page_index": 10, "has_text": true}, "runId": "initial", "hypothesisId": "H4"}
{"sessionId": "aedf66", "id": "log_1772259718145", "timestamp": 1772259718145, "location": "core/modules/extractor.py", "message": "page_extracted", "data": {"page_index": 11, "has_text": true}, "runId": "initial", "hypothesisId": "H4"}
{"sessionId": "aedf66", "id": "log_1772259718167", "timestamp": 1772259718167, "location": "core/modules/extractor.py", "message": "page_extracted", "data": {"page_index": 12, "has_text": true}, "runId": "initial", "hypothesisId": "H4"}
{"sessionId": "aedf66", "id": "log_1772259718192", "timestamp": 1772259718192, "location": "core/modules/extractor.py", "message": "page_extracted", "data": {"page_index": 13, "has_text": true}, "runId": "initial", "hypothesisId": "H4"}
{"sessionId": "aedf66", "id": "log_1772259718214", "timestamp": 1772259718214, "location": "core/modules/extractor.py", "message": "page_extracted", "data": {"page_index": 14, "has_text": true}, "runId": "initial", "hypothesisId": "H4"}
{"sessionId": "aedf66", "id": "log_1772259718215", "timestamp": 1772259718215, "location": "core/modules/extractor.py", "message": "extract_text_from_pdf completed", "data": {"text_length": 33528}, "runId": "initial", "hypothesisId": "H4"}
{"sessionId": "aedf66", "id": "log_1772259718242", "timestamp": 1772259718242, "location": "core/modules/extractor.py", "message": "extract_text_from_pdf called", "data": {"file_path": "C:\\Users\\aksha\\Desktop\\SG_AI\\tests\\my_notes.pdf"}, "runId": "initial", "hypothesisId": "H4"}
{"sessionId": "aedf66", "id": "log_1772259718319", "timestamp": 1772259718319, "location": "core/modules/extractor.py", "message": "page_extracted", "data": {"page_index": 0, "has_text": true}, "runId": "initial", "hypothesisId": "H4"}
{"sessionId": "aedf66", "id": "log_1772259718355", "timestamp": 1772259718355, "location": "core/modules/extractor.py", "message": "page_extracted", "data": {"page_index": 1, "has_text": true}, "runId": "initial", "hypothesisId": "H4"}
{"sessionId": "aedf66", "id": "log_1772259718411", "timestamp": 1772259718411, "location": "core/modules/extractor.py", "message": "page_extracted", "data": {"page_index": 2, "has_text": true}, "runId": "initial", "hypothesisId": "H4"}
{"sessionId": "aedf66", "id": "log_1772259718464", "timestamp": 1772259718464, "location": "core/modules/extractor.py", "message": "page_extracted", "data": {"page_index": 3, "has_text": true}, "runId": "initial", "hypothesisId": "H4"}
{"sessionId": "aedf66", "id": "log_1772259718525", "timestamp": 1772259718525, "location": "core/modules/extractor.py", "message": "page_extracted", "data": {"page_index": 4, "has_text": true}, "runId": "initial", "hypothesisId": "H4"}
{"sessionId": "aedf66", "id": "log_1772259718572", "timestamp": 1772259718572, "location": "core/modules/extractor.py", "message": "page_extracted", "data": {"page_index": 5, "has_text": true}, "runId": "initial", "hypothesisId": "H4"}
{"sessionId": "aedf66", "id": "log_1772259718639", "timestamp": 1772259718639, "location": "core/modules/extractor.py", "message": "page_extracted", "data": {"page_index": 6, "has_text": true}, "runId": "initial", "hypothesisId": "H4"}
{"sessionId": "aedf66", "id": "log_1772259718694", "timestamp": 1772259718694, "location": "core/modules/extractor.py", "message": "page_extracted", "data": {"page_index": 7, "has_text": true}, "runId": "initial", "hypothesisId": "H4"}
{"sessionId": "aedf66", "id": "log_1772259718752", "timestamp": 1772259718752, "location": "core/modules/extractor.py", "message": "page_extracted", "data": {"page_index": 8, "has_text": true}, "runId": "initial", "hypothesisId": "H4"}
{"sessionId": "aedf66", "id": "log_1772259718808", "timestamp": 1772259718808, "location": "core/modules/extractor.py", "message": "page_extracted", "data": {"page_index": 9, "has_text": true}, "runId": "initial", "hypothesisId": "H4"}
{"sessionId": "aedf66", "id": "log_1772259718859", "timestamp": 1772259718859, "location": "core/modules/extractor.py", "message": "page_extracted", "data": {"page_index": 10, "has_text": true}, "runId": "initial", "hypothesisId": "H4"}
{"sessionId": "aedf66", "id": "log_1772259718904", "timestamp": 1772259718904, "location": "core/modules/extractor.py", "message": "page_extracted", "data": {"page_index": 11, "has_text": true}, "runId": "initial", "hypothesisId": "H4"}
{"sessionId": "aedf66", "id": "log_1772259718926", "timestamp": 1772259718926, "location": "core/modules/extractor.py", "message": "page_extracted", "data": {"page_index": 12, "has_text": true}, "runId": "initial", "hypothesisId": "H4"}
{"sessionId": "aedf66", "id": "log_1772259718951", "timestamp": 1772259718951, "location": "core/modules/extractor.py", "message": "page_extracted", "data": {"page_index": 13, "has_text": true}, "runId": "initial", "hypothesisId": "H4"}
{"sessionId": "aedf66", "id": "log_1772259718971", "timestamp": 1772259718971, "location": "core/modules/extractor.py", "message": "page_extracted", "data": {"page_index": 14, "has_text": true}, "runId": "initial", "hypothesisId": "H4"}
{"sessionId": "aedf66", "id": "log_1772259718972", "timestamp": 1772259718972, "location": "core/modules/extractor.py", "message": "extract_text_from_pdf completed", "data": {"text_length": 33528}, "runId": "initial", "hypothesisId": "H4"}
{"sessionId": "aedf66", "id": "log_1772260461940", "timestamp": 1772260461940, "location": "core/modules/extractor.py", "message": "extract_text_from_pdf called", "data": {"file_path": "C:\\Users\\aksha\\Desktop\\SG_AI\\tests\\my_notes.pdf"}, "runId": "initial", "hypothesisId": "H4"}
{"sessionId": "aedf66", "id": "log_1772260462034", "timestamp": 1772260462034, "location": "core/modules/extractor.py", "message": "page_extracted", "data": {"page_index": 0, "has_text": true}, "runId": "initial", "hypothesisId": "H4"}
{"sessionId": "aedf66", "id": "log_1772260462092", "timestamp": 1772260462092, "location": "core/modules/extractor.py", "message": "page_extracted", "data": {"page_index": 1, "has_text": true}, "runId": "initial", "hypothesisId": "H4"}
{"sessionId": "aedf66", "id": "log_1772260462160", "timestamp": 1772260462160, "location": "core/modules/extractor.py", "message": "page_extracted", "data": {"page_index": 2, "has_text": true}, "runId": "initial", "hypothesisId": "H4"}
{"sessionId": "aedf66", "id": "log_1772260462217", "timestamp": 1772260462217, "location": "core/modules/extractor.py", "message": "page_extracted", "data": {"page_index": 3, "has_text": true}, "runId": "initial", "hypothesisId": "H4"}
{"sessionId": "aedf66", "id": "log_1772260462285", "timestamp": 1772260462285, "location": "core/modules/extractor.py", "message": "page_extracted", "data": {"page_index": 4, "has_text": true}, "runId": "initial", "hypothesisId": "H4"}
{"sessionId": "aedf66", "id": "log_1772260462335", "timestamp": 1772260462335, "location": "core/modules/extractor.py", "message": "page_extracted", "data": {"page_index": 5, "has_text": true}, "runId": "initial", "hypothesisId": "H4"}
{"sessionId": "aedf66", "id": "log_1772260462400", "timestamp": 1772260462400, "location": "core/modules/extractor.py", "message": "page_extracted", "data": {"page_index": 6, "has_text": true}, "runId": "initial", "hypothesisId": "H4"}
{"sessionId": "aedf66", "id": "log_1772260462462", "timestamp": 1772260462462, "location": "core/modules/extractor.py", "message": "page_extracted", "data": {"page_index": 7, "has_text": true}, "runId": "initial", "hypothesisId": "H4"}
{"sessionId": "aedf66", "id": "log_1772260462538", "timestamp": 1772260462538, "location": "core/modules/extractor.py", "message": "page_extracted", "data": {"page_index": 8, "has_text": true}, "runId": "initial", "hypothesisId": "H4"}
{"sessionId": "aedf66", "id": "log_1772260462604", "timestamp": 1772260462604, "location": "core/modules/extractor.py", "message": "page_extracted", "data": {"page_index": 9, "has_text": true}, "runId": "initial", "hypothesisId": "H4"}
{"sessionId": "aedf66", "id": "log_1772260462662", "timestamp": 1772260462662, "location": "core/modules/extractor.py", "message": "page_extracted", "data": {"page_index": 10, "has_text": true}, "runId": "initial", "hypothesisId": "H4"}
{"sessionId": "aedf66", "id": "log_1772260462706", "timestamp": 1772260462706, "location": "core/modules/extractor.py", "message": "page_extracted", "data": {"page_index": 11, "has_text": true}, "runId": "initial", "hypothesisId": "H4"}
{"sessionId": "aedf66", "id": "log_1772260462732", "timestamp": 1772260462732, "location": "core/modules/extractor.py", "message": "page_extracted", "data": {"page_index": 12, "has_text": true}, "runId": "initial", "hypothesisId": "H4"}
{"sessionId": "aedf66", "id": "log_1772260462761", "timestamp": 1772260462761, "location": "core/modules/extractor.py", "message": "page_extracted", "data": {"page_index": 13, "has_text": true}, "runId": "initial", "hypothesisId": "H4"}
{"sessionId": "aedf66", "id": "log_1772260462786", "timestamp": 1772260462786, "location": "core/modules/extractor.py", "message": "page_extracted", "data": {"page_index": 14, "has_text": true}, "runId": "initial", "hypothesisId": "H4"}
{"sessionId": "aedf66", "id": "log_1772260462786", "timestamp": 1772260462786, "location": "core/modules/extractor.py", "message": "extract_text_from_pdf completed", "data": {"text_length": 31401}, "runId": "initial", "hypothesisId": "H4"}
{"sessionId": "aedf66", "id": "log_1772260463822", "timestamp": 1772260463822, "location": "core/modules/extractor.py", "message": "extract_text_from_pdf called", "data": {"file_path": "C:\\Users\\aksha\\Desktop\\SG_AI\\tests\\my_notes.pdf"}, "runId": "initial", "hypothesisId": "H4"}
{"sessionId": "aedf66", "id": "log_1772260463909", "timestamp": 1772260463909, "location": "core/modules/extractor.py", "message": "page_extracted", "data": {"page_index": 0, "has_text": true}, "runId": "initial", "hypothesisId": "H4"}
{"sessionId": "aedf66", "id": "log_1772260463970", "timestamp": 1772260463970, "location": "core/modules/extractor.py", "message": "page_extracted", "data": {"page_index": 1, "has_text": true}, "runId": "initial", "hypothesisId": "H4"}
{"sessionId": "aedf66", "id": "log_1772260464059", "timestamp": 1772260464059, "location": "core/modules/extractor.py", "message": "page_extracted", "data": {"page_index": 2, "has_text": true}, "runId": "initial", "hypothesisId": "H4"}
{"sessionId": "aedf66", "id": "log_1772260464133", "timestamp": 1772260464133, "location": "core/modules/extractor.py", "message": "page_extracted", "data": {"page_index": 3, "has_text": true}, "runId": "initial", "hypothesisId": "H4"}
{"sessionId": "aedf66", "id": "log_1772260464214", "timestamp": 1772260464214, "location": "core/modules/extractor.py", "message": "page_extracted", "data": {"page_index": 4, "has_text": true}, "runId": "initial", "hypothesisId": "H4"}
{"sessionId": "aedf66", "id": "log_1772260464274", "timestamp": 1772260464274, "location": "core/modules/extractor.py", "message": "page_extracted", "data": {"page_index": 5, "has_text": true}, "runId": "initial", "hypothesisId": "H4"}
{"sessionId": "aedf66", "id": "log_1772260464339", "timestamp": 1772260464339, "location": "core/modules/extractor.py", "message": "page_extracted", "data": {"page_index": 6, "has_text": true}, "runId": "initial", "hypothesisId": "H4"}
{"sessionId": "aedf66", "id": "log_1772260464406", "timestamp": 1772260464406, "location": "core/modules/extractor.py", "message": "page_extracted", "data": {"page_index": 7, "has_text": true}, "runId": "initial", "hypothesisId": "H4"}
{"sessionId": "aedf66", "id": "log_1772260464472", "timestamp": 1772260464472, "location": "core/modules/extractor.py", "message": "page_extracted", "data": {"page_index": 8, "has_text": true}, "runId": "initial", "hypothesisId": "H4"}
{"sessionId": "aedf66", "id": "log_1772260464539", "timestamp": 1772260464539, "location": "core/modules/extractor.py", "message": "page_extracted", "data": {"page_index": 9, "has_text": true}, "runId": "initial", "hypothesisId": "H4"}
{"sessionId": "aedf66", "id": "log_1772260464602", "timestamp": 1772260464602, "location": "core/modules/extractor.py", "message": "page_extracted", "data": {"page_index": 10, "has_text": true}, "runId": "initial", "hypothesisId": "H4"}
{"sessionId": "aedf66", "id": "log_1772260464651", "timestamp": 1772260464651, "location": "core/modules/extractor.py", "message": "page_extracted", "data": {"page_index": 11, "has_text": true}, "runId": "initial", "hypothesisId": "H4"}
{"sessionId": "aedf66", "id": "log_1772260464678", "timestamp": 1772260464678, "location": "core/modules/extractor.py", "message": "page_extracted", "data": {"page_index": 12, "has_text": true}, "runId": "initial", "hypothesisId": "H4"}
{"sessionId": "aedf66", "id": "log_1772260464706", "timestamp": 1772260464706, "location": "core/modules/extractor.py", "message": "page_extracted", "data": {"page_index": 13, "has_text": true}, "runId": "initial", "hypothesisId": "H4"}
{"sessionId": "aedf66", "id": "log_1772260464729", "timestamp": 1772260464729, "location": "core/modules/extractor.py", "message": "page_extracted", "data": {"page_index": 14, "has_text": true}, "runId": "initial", "hypothesisId": "H4"}
{"sessionId": "aedf66", "id": "log_1772260464730", "timestamp": 1772260464730, "location": "core/modules/extractor.py", "message": "extract_text_from_pdf completed", "data": {"text_length": 31401}, "runId": "initial", "hypothesisId": "H4"}
{"sessionId": "aedf66", "id": "log_1772260602286", "timestamp": 1772260602286, "location": "core/modules/extractor.py", "message": "extract_text_from_pdf called", "data": {"file_path": "C:\\Users\\aksha\\Desktop\\SG_AI\\tests\\my_notes.pdf"}, "runId": "initial", "hypothesisId": "H4"}
{"sessionId": "aedf66", "id": "log_1772260602392", "timestamp": 1772260602392, "location": "core/modules/extractor.py", "message": "page_extracted", "data": {"page_index": 0, "has_text": true}, "runId": "initial", "hypothesisId": "H4"}
{"sessionId": "aedf66", "id": "log_1772260602459", "timestamp": 1772260602459, "location": "core/modules/extractor.py", "message": "page_extracted", "data": {"page_index": 1, "has_text": true}, "runId": "initial", "hypothesisId": "H4"}
{"sessionId": "aedf66", "id": "log_1772260602542", "timestamp": 1772260602542, "location": "core/modules/extractor.py", "message": "page_extracted", "data": {"page_index": 2, "has_text": true}, "runId": "initial", "hypothesisId": "H4"}
{"sessionId": "aedf66", "id": "log_1772260602609", "timestamp": 1772260602609, "location": "core/modules/extractor.py", "message": "page_extracted", "data": {"page_index": 3, "has_text": true}, "runId": "initial", "hypothesisId": "H4"}
{"sessionId": "aedf66", "id": "log_1772260602688", "timestamp": 1772260602688, "location": "core/modules/extractor.py", "message": "page_extracted", "data": {"page_index": 4, "has_text": true}, "runId": "initial", "hypothesisId": "H4"}
{"sessionId": "aedf66", "id": "log_1772260602744", "timestamp": 1772260602744, "location": "core/modules/extractor.py", "message": "page_extracted", "data": {"page_index": 5, "has_text": true}, "runId": "initial", "hypothesisId": "H4"}
{"sessionId": "aedf66", "id": "log_1772260602823", "timestamp": 1772260602823, "location": "core/modules/extractor.py", "message": "page_extracted", "data": {"page_index": 6, "has_text": true}, "runId": "initial", "hypothesisId": "H4"}
{"sessionId": "aedf66", "id": "log_1772260602899", "timestamp": 1772260602899, "location": "core/modules/extractor.py", "message": "page_extracted", "data": {"page_index": 7, "has_text": true}, "runId": "initial", "hypothesisId": "H4"}
{"sessionId": "aedf66", "id": "log_1772260602983", "timestamp": 1772260602983, "location": "core/modules/extractor.py", "message": "page_extracted", "data": {"page_index": 8, "has_text": true}, "runId": "initial", "hypothesisId": "H4"}
{"sessionId": "aedf66", "id": "log_1772260603052", "timestamp": 1772260603052, "location": "core/modules/extractor.py", "message": "page_extracted", "data": {"page_index": 9, "has_text": true}, "runId": "initial", "hypothesisId": "H4"}
{"sessionId": "aedf66", "id": "log_1772260603114", "timestamp": 1772260603114, "location": "core/modules/extractor.py", "message": "page_extracted", "data": {"page_index": 10, "has_text": true}, "runId": "initial", "hypothesisId": "H4"}
{"sessionId": "aedf66", "id": "log_1772260603164", "timestamp": 1772260603164, "location": "core/modules/extractor.py", "message": "page_extracted", "data": {"page_index": 11, "has_text": true}, "runId": "initial", "hypothesisId": "H4"}
{"sessionId": "aedf66", "id": "log_1772260603193", "timestamp": 1772260603193, "location": "core/modules/extractor.py", "message": "page_extracted", "data": {"page_index": 12, "has_text": true}, "runId": "initial", "hypothesisId": "H4"}
{"sessionId": "aedf66", "id": "log_1772260603222", "timestamp": 1772260603222, "location": "core/modules/extractor.py", "message": "page_extracted", "data": {"page_index": 13, "has_text": true}, "runId": "initial", "hypothesisId": "H4"}
{"sessionId": "aedf66", "id": "log_1772260603247", "timestamp": 1772260603247, "location": "core/modules/extractor.py", "message": "page_extracted", "data": {"page_index": 14, "has_text": true}, "runId": "initial", "hypothesisId": "H4"}
{"sessionId": "aedf66", "id": "log_1772260603248", "timestamp": 1772260603248, "location": "core/modules/extractor.py", "message": "extract_text_from_pdf completed", "data": {"text_length": 31401}, "runId": "initial", "hypothesisId": "H4"}
{"sessionId": "aedf66", "id": "log_1772260604219", "timestamp": 1772260604219, "location": "core/modules/extractor.py", "message": "extract_text_from_pdf called", "data": {"file_path": "C:\\Users\\aksha\\Desktop\\SG_AI\\tests\\my_notes.pdf"}, "runId": "initial", "hypothesisId": "H4"}
{"sessionId": "aedf66", "id": "log_1772260604313", "timestamp": 1772260604313, "location": "core/modules/extractor.py", "message": "page_extracted", "data": {"page_index": 0, "has_text": true}, "runId": "initial", "hypothesisId": "H4"}
{"sessionId": "aedf66", "id": "log_1772260604372", "timestamp": 1772260604372, "location": "core/modules/extractor.py", "message": "page_extracted", "data": {"page_index": 1, "has_text": true}, "runId": "initial", "hypothesisId": "H4"}
{"sessionId": "aedf66", "id": "log_1772260604464", "timestamp": 1772260604464, "location": "core/modules/extractor.py", "message": "page_extracted", "data": {"page_index": 2, "has_text": true}, "runId": "initial", "hypothesisId": "H4"}
{"sessionId": "aedf66", "id": "log_1772260604544", "timestamp": 1772260604544, "location": "core/modules/extractor.py", "message": "page_extracted", "data": {"page_index": 3, "has_text": true}, "runId": "initial", "hypothesisId": "H4"}
{"sessionId": "aedf66", "id": "log_1772260604636", "timestamp": 1772260604636, "location": "core/modules/extractor.py", "message": "page_extracted", "data": {"page_index": 4, "has_text": true}, "runId": "initial", "hypothesisId": "H4"}
{"sessionId": "aedf66", "id": "log_1772260604699", "timestamp": 1772260604699, "location": "core/modules/extractor.py", "message": "page_extracted", "data": {"page_index": 5, "has_text": true}, "runId": "initial", "hypothesisId": "H4"}
{"sessionId": "aedf66", "id": "log_1772260604766", "timestamp": 1772260604766, "location": "core/modules/extractor.py", "message": "page_extracted", "data": {"page_index": 6, "has_text": true}, "runId": "initial", "hypothesisId": "H4"}
{"sessionId": "aedf66", "id": "log_1772260604833", "timestamp": 1772260604833, "location": "core/modules/extractor.py", "message": "page_extracted", "data": {"page_index": 7, "has_text": true}, "runId": "initial", "hypothesisId": "H4"}
{"sessionId": "aedf66", "id": "log_1772260604904", "timestamp": 1772260604904, "location": "core/modules/extractor.py", "message": "page_extracted", "data": {"page_index": 8, "has_text": true}, "runId": "initial", "hypothesisId": "H4"}
{"sessionId": "aedf66", "id": "log_1772260604979", "timestamp": 1772260604979, "location": "core/modules/extractor.py", "message": "page_extracted", "data": {"page_index": 9, "has_text": true}, "runId": "initial", "hypothesisId": "H4"}
{"sessionId": "aedf66", "id": "log_1772260605045", "timestamp": 1772260605045, "location": "core/modules/extractor.py", "message": "page_extracted", "data": {"page_index": 10, "has_text": true}, "runId": "initial", "hypothesisId": "H4"}
{"sessionId": "aedf66", "id": "log_1772260605097", "timestamp": 1772260605097, "location": "core/modules/extractor.py", "message": "page_extracted", "data": {"page_index": 11, "has_text": true}, "runId": "initial", "hypothesisId": "H4"}
{"sessionId": "aedf66", "id": "log_1772260605126", "timestamp": 1772260605126, "location": "core/modules/extractor.py", "message": "page_extracted", "data": {"page_index": 12, "has_text": true}, "runId": "initial", "hypothesisId": "H4"}
{"sessionId": "aedf66", "id": "log_1772260605164", "timestamp": 1772260605164, "location": "core/modules/extractor.py", "message": "page_extracted", "data": {"page_index": 13, "has_text": true}, "runId": "initial", "hypothesisId": "H4"}
{"sessionId": "aedf66", "id": "log_1772260605192", "timestamp": 1772260605192, "location": "core/modules/extractor.py", "message": "page_extracted", "data": {"page_index": 14, "has_text": true}, "runId": "initial", "hypothesisId": "H4"}
{"sessionId": "aedf66", "id": "log_1772260605193", "timestamp": 1772260605193, "location": "core/modules/extractor.py", "message": "extract_text_from_pdf completed", "data": {"text_length": 31401}, "runId": "initial", "hypothesisId": "H4"}
{"sessionId": "aedf66", "id": "log_1772260798634", "timestamp": 1772260798634, "location": "core/modules/extractor.py", "message": "extract_text_from_pdf called", "data": {"file_path": "C:\\Users\\aksha\\Desktop\\SG_AI\\tests\\my_notes.pdf"}, "runId": "initial", "hypothesisId": "H4"}
{"sessionId": "aedf66", "id": "log_1772260798745", "timestamp": 1772260798745, "location": "core/modules/extractor.py", "message": "page_extracted", "data": {"page_index": 0, "has_text": true}, "runId": "initial", "hypothesisId": "H4"}
{"sessionId": "aedf66", "id": "log_1772260798797", "timestamp": 1772260798797, "location": "core/modules/extractor.py", "message": "page_extracted", "data": {"page_index": 1, "has_text": true}, "runId": "initial", "hypothesisId": "H4"}
{"sessionId": "aedf66", "id": "log_1772260798863", "timestamp": 1772260798863, "location": "core/modules/extractor.py", "message": "page_extracted", "data": {"page_index": 2, "has_text": true}, "runId": "initial", "hypothesisId": "H4"}
{"sessionId": "aedf66", "id": "log_1772260798929", "timestamp": 1772260798929, "location": "core/modules/extractor.py", "message": "page_extracted", "data": {"page_index": 3, "has_text": true}, "runId": "initial", "hypothesisId": "H4"}
{"sessionId": "aedf66", "id": "log_1772260798999", "timestamp": 1772260798999, "location": "core/modules/extractor.py", "message": "page_extracted", "data": {"page_index": 4, "has_text": true}, "runId": "initial", "hypothesisId": "H4"}
{"sessionId": "aedf66", "id": "log_1772260799049", "timestamp": 1772260799049, "location": "core/modules/extractor.py", "message": "page_extracted", "data": {"page_index": 5, "has_text": true}, "runId": "initial", "hypothesisId": "H4"}
{"sessionId": "aedf66", "id": "log_1772260799117", "timestamp": 1772260799117, "location": "core/modules/extractor.py", "message": "page_extracted", "data": {"page_index": 6, "has_text": true}, "runId": "initial", "hypothesisId": "H4"}
{"sessionId": "aedf66", "id": "log_1772260799184", "timestamp": 1772260799184, "location": "core/modules/extractor.py", "message": "page_extracted", "data": {"page_index": 7, "has_text": true}, "runId": "initial", "hypothesisId": "H4"}
{"sessionId": "aedf66", "id": "log_1772260799296", "timestamp": 1772260799296, "location": "core/modules/extractor.py", "message": "page_extracted", "data": {"page_index": 8, "has_text": true}, "runId": "initial", "hypothesisId": "H4"}
{"sessionId": "aedf66", "id": "log_1772260799383", "timestamp": 1772260799383, "location": "core/modules/extractor.py", "message": "page_extracted", "data": {"page_index": 9, "has_text": true}, "runId": "initial", "hypothesisId": "H4"}
{"sessionId": "aedf66", "id": "log_1772260799449", "timestamp": 1772260799449, "location": "core/modules/extractor.py", "message": "page_extracted", "data": {"page_index": 10, "has_text": true}, "runId": "initial", "hypothesisId": "H4"}
{"sessionId": "aedf66", "id": "log_1772260799498", "timestamp": 1772260799498, "location": "core/modules/extractor.py", "message": "page_extracted", "data": {"page_index": 11, "has_text": true}, "runId": "initial", "hypothesisId": "H4"}
{"sessionId": "aedf66", "id": "log_1772260799524", "timestamp": 1772260799524, "location": "core/modules/extractor.py", "message": "page_extracted", "data": {"page_index": 12, "has_text": true}, "runId": "initial", "hypothesisId": "H4"}
{"sessionId": "aedf66", "id": "log_1772260799557", "timestamp": 1772260799557, "location": "core/modules/extractor.py", "message": "page_extracted", "data": {"page_index": 13, "has_text": true}, "runId": "initial", "hypothesisId": "H4"}
{"sessionId": "aedf66", "id": "log_1772260799585", "timestamp": 1772260799585, "location": "core/modules/extractor.py", "message": "page_extracted", "data": {"page_index": 14, "has_text": true}, "runId": "initial", "hypothesisId": "H4"}
{"sessionId": "aedf66", "id": "log_1772260799585", "timestamp": 1772260799585, "location": "core/modules/extractor.py", "message": "extract_text_from_pdf completed", "data": {"text_length": 31401}, "runId": "initial", "hypothesisId": "H4"}
{"sessionId": "aedf66", "id": "log_1772260800853", "timestamp": 1772260800853, "location": "core/modules/extractor.py", "message": "extract_text_from_pdf called", "data": {"file_path": "C:\\Users\\aksha\\Desktop\\SG_AI\\tests\\my_notes.pdf"}, "runId": "initial", "hypothesisId": "H4"}
{"sessionId": "aedf66", "id": "log_1772260800994", "timestamp": 1772260800994, "location": "core/modules/extractor.py", "message": "page_extracted", "data": {"page_index": 0, "has_text": true}, "runId": "initial", "hypothesisId": "H4"}
{"sessionId": "aedf66", "id": "log_1772260801043", "timestamp": 1772260801043, "location": "core/modules/extractor.py", "message": "page_extracted", "data": {"page_index": 1, "has_text": true}, "runId": "initial", "hypothesisId": "H4"}
{"sessionId": "aedf66", "id": "log_1772260801134", "timestamp": 1772260801134, "location": "core/modules/extractor.py", "message": "page_extracted", "data": {"page_index": 2, "has_text": true}, "runId": "initial", "hypothesisId": "H4"}
{"sessionId": "aedf66", "id": "log_1772260801200", "timestamp": 1772260801200, "location": "core/modules/extractor.py", "message": "page_extracted", "data": {"page_index": 3, "has_text": true}, "runId": "initial", "hypothesisId": "H4"}
{"sessionId": "aedf66", "id": "log_1772260801276", "timestamp": 1772260801276, "location": "core/modules/extractor.py", "message": "page_extracted", "data": {"page_index": 4, "has_text": true}, "runId": "initial", "hypothesisId": "H4"}
{"sessionId": "aedf66", "id": "log_1772260801339", "timestamp": 1772260801339, "location": "core/modules/extractor.py", "message": "page_extracted", "data": {"page_index": 5, "has_text": true}, "runId": "initial", "hypothesisId": "H4"}
{"sessionId": "aedf66", "id": "log_1772260801444", "timestamp": 1772260801444, "location": "core/modules/extractor.py", "message": "page_extracted", "data": {"page_index": 6, "has_text": true}, "runId": "initial", "hypothesisId": "H4"}
{"sessionId": "aedf66", "id": "log_1772260801534", "timestamp": 1772260801534, "location": "core/modules/extractor.py", "message": "page_extracted", "data": {"page_index": 7, "has_text": true}, "runId": "initial", "hypothesisId": "H4"}
{"sessionId": "aedf66", "id": "log_1772260801613", "timestamp": 1772260801613, "location": "core/modules/extractor.py", "message": "page_extracted", "data": {"page_index": 8, "has_text": true}, "runId": "initial", "hypothesisId": "H4"}
{"sessionId": "aedf66", "id": "log_1772260801689", "timestamp": 1772260801689, "location": "core/modules/extractor.py", "message": "page_extracted", "data": {"page_index": 9, "has_text": true}, "runId": "initial", "hypothesisId": "H4"}
{"sessionId": "aedf66", "id": "log_1772260801747", "timestamp": 1772260801747, "location": "core/modules/extractor.py", "message": "page_extracted", "data": {"page_index": 10, "has_text": true}, "runId": "initial", "hypothesisId": "H4"}
{"sessionId": "aedf66", "id": "log_1772260801803", "timestamp": 1772260801803, "location": "core/modules/extractor.py", "message": "page_extracted", "data": {"page_index": 11, "has_text": true}, "runId": "initial", "hypothesisId": "H4"}
{"sessionId": "aedf66", "id": "log_1772260801834", "timestamp": 1772260801834, "location": "core/modules/extractor.py", "message": "page_extracted", "data": {"page_index": 12, "has_text": true}, "runId": "initial", "hypothesisId": "H4"}
{"sessionId": "aedf66", "id": "log_1772260801873", "timestamp": 1772260801873, "location": "core/modules/extractor.py", "message": "page_extracted", "data": {"page_index": 13, "has_text": true}, "runId": "initial", "hypothesisId": "H4"}
{"sessionId": "aedf66", "id": "log_1772260801907", "timestamp": 1772260801907, "location": "core/modules/extractor.py", "message": "page_extracted", "data": {"page_index": 14, "has_text": true}, "runId": "initial", "hypothesisId": "H4"}
{"sessionId": "aedf66", "id": "log_1772260801907", "timestamp": 1772260801907, "location": "core/modules/extractor.py", "message": "extract_text_from_pdf completed", "data": {"text_length": 31401}, "runId": "initial", "hypothesisId": "H4"}
{"sessionId": "aedf66", "id": "log_1772261259328", "timestamp": 1772261259328, "location": "core/modules/extractor.py", "message": "extract_text_from_pdf called", "data": {"file_path": "uploads\\SG_AI.pdf"}, "runId": "initial", "hypothesisId": "H4"}
{"sessionId": "aedf66", "id": "log_1772261259421", "timestamp": 1772261259421, "location": "core/modules/extractor.py", "message": "page_extracted", "data": {"page_index": 0, "has_text": true}, "runId": "initial", "hypothesisId": "H4"}
{"sessionId": "aedf66", "id": "log_1772261259422", "timestamp": 1772261259422, "location": "core/modules/extractor.py", "message": "extract_text_from_pdf completed", "data": {"text_length": 1683}, "runId": "initial", "hypothesisId": "H4"}
{"sessionId": "aedf66", "id": "log_1772261806027", "timestamp": 1772261806027, "location": "core/modules/extractor.py", "message": "extract_text_from_pdf called", "data": {"file_path": "uploads\\SG_AI.pdf"}, "runId": "initial", "hypothesisId": "H4"}
{"sessionId": "aedf66", "id": "log_1772261806099", "timestamp": 1772261806099, "location": "core/modules/extractor.py", "message": "page_extracted", "data": {"page_index": 0, "has_text": true}, "runId": "initial", "hypothesisId": "H4"}
{"sessionId": "aedf66", "id": "log_1772261806099", "timestamp": 1772261806099, "location": "core/modules/extractor.py", "message": "extract_text_from_pdf completed", "data": {"text_length": 1683}, "runId": "initial", "hypothesisId": "H4"}
{"sessionId": "aedf66", "id": "log_1772261956938", "timestamp": 1772261956938, "location": "core/modules/extractor.py", "message": "extract_text_from_pdf called", "data": {"file_path": "uploads\\SG_AI.pdf"}, "runId": "initial", "hypothesisId": "H4"}
{"sessionId": "aedf66", "id": "log_1772261957055", "timestamp": 1772261957055, "location": "core/modules/extractor.py", "message": "page_extracted", "data": {"page_index": 0, "has_text": true}, "runId": "initial", "hypothesisId": "H4"}
{"sessionId": "aedf66", "id": "log_1772261957057", "timestamp": 1772261957057, "location": "core/modules/extractor.py", "message": "extract_text_from_pdf completed", "data": {"text_length": 1683}, "runId": "initial", "hypothesisId": "H4"}
{"sessionId": "aedf66", "id": "log_1772261999605", "timestamp": 1772261999605, "location": "core/modules/extractor.py", "message": "extract_text_from_pdf called", "data": {"file_path": "uploads\\SG_AI.pdf"}, "runId": "initial", "hypothesisId": "H4"}
{"sessionId": "aedf66", "id": "log_1772261999663", "timestamp": 1772261999663, "location": "core/modules/extractor.py", "message": "page_extracted", "data": {"page_index": 0, "has_text": true}, "runId": "initial", "hypothesisId": "H4"}
{"sessionId": "aedf66", "id": "log_1772261999664", "timestamp": 1772261999664, "location": "core/modules/extractor.py", "message": "extract_text_from_pdf completed", "data": {"text_length": 1683}, "runId": "initial", "hypothesisId": "H4"}
{"sessionId": "aedf66", "id": "log_1772262313563", "timestamp": 1772262313563, "location": "core/modules/extractor.py", "message": "extract_text_from_pdf called", "data": {"file_path": "uploads\\SG_AI.pdf"}, "runId": "initial", "hypothesisId": "H4"}
{"sessionId": "aedf66", "id": "log_1772262313640", "timestamp": 1772262313640, "location": "core/modules/extractor.py", "message": "page_extracted", "data": {"page_index": 0, "has_text": true}, "runId": "initial", "hypothesisId": "H4"}
{"sessionId": "aedf66", "id": "log_1772262313640", "timestamp": 1772262313640, "location": "core/modules/extractor.py", "message": "extract_text_from_pdf completed", "data": {"text_length": 1683}, "runId": "initial", "hypothesisId": "H4"}
{"sessionId": "aedf66", "id": "log_1772262394414", "timestamp": 1772262394414, "location": "core/modules/extractor.py", "message": "extract_text_from_pdf called", "data": {"file_path": "uploads\\SG_AI.pdf"}, "runId": "initial", "hypothesisId": "H4"}
{"sessionId": "aedf66", "id": "log_1772262394475", "timestamp": 1772262394475, "location": "core/modules/extractor.py", "message": "page_extracted", "data": {"page_index": 0, "has_text": true}, "runId": "initial", "hypothesisId": "H4"}
{"sessionId": "aedf66", "id": "log_1772262394476", "timestamp": 1772262394476, "location": "core/modules/extractor.py", "message": "extract_text_from_pdf completed", "data": {"text_length": 1683}, "runId": "initial", "hypothesisId": "H4"}
{"sessionId": "aedf66", "id": "log_1772262647984", "timestamp": 1772262647984, "location": "core/modules/extractor.py", "message": "extract_text_from_pdf called", "data": {"file_path": "uploads\\SG_AI.pdf"}, "runId": "initial", "hypothesisId": "H4"}
{"sessionId": "aedf66", "id": "log_1772262648052", "timestamp": 1772262648052, "location": "core/modules/extractor.py", "message": "page_extracted", "data": {"page_index": 0, "has_text": true}, "runId": "initial", "hypothesisId": "H4"}
{"sessionId": "aedf66", "id": "log_1772262648053", "timestamp": 1772262648053, "location": "core/modules/extractor.py", "message": "extract_text_from_pdf completed", "data": {"text_length": 1683}, "runId": "initial", "hypothesisId": "H4"}
{"sessionId": "aedf66", "id": "log_1772262996083", "timestamp": 1772262996083, "location": "core/modules/extractor.py", "message": "extract_text_from_pdf called", "data": {"file_path": "uploads\\SG_AI.pdf"}, "runId": "initial", "hypothesisId": "H4"}
{"sessionId": "aedf66", "id": "log_1772262996148", "timestamp": 1772262996148, "location": "core/modules/extractor.py", "message": "page_extracted", "data": {"page_index": 0, "has_text": true}, "runId": "initial", "hypothesisId": "H4"}
{"sessionId": "aedf66", "id": "log_1772262996149", "timestamp": 1772262996149, "location": "core/modules/extractor.py", "message": "extract_text_from_pdf completed", "data": {"text_length": 1683}, "runId": "initial", "hypothesisId": "H4"}
{"sessionId": "aedf66", "id": "log_1772267781299", "timestamp": 1772267781299, "location": "core/modules/extractor.py", "message": "extract_text_from_pdf called", "data": {"file_path": "uploads\\SG_AI.pdf"}, "runId": "initial", "hypothesisId": "H4"}
{"sessionId": "aedf66", "id": "log_1772267781447", "timestamp": 1772267781447, "location": "core/modules/extractor.py", "message": "page_extracted", "data": {"page_index": 0, "has_text": true}, "runId": "initial", "hypothesisId": "H4"}
{"sessionId": "aedf66", "id": "log_1772267781448", "timestamp": 1772267781448, "location": "core/modules/extractor.py", "message": "extract_text_from_pdf completed", "data": {"text_length": 1683}, "runId": "initial", "hypothesisId": "H4"}
{"sessionId": "aedf66", "id": "log_1772271775005", "timestamp": 1772271775005, "location": "core/modules/extractor.py", "message": "extract_text_from_pdf called", "data": {"file_path": "uploads\\SG_AI.pdf"}, "runId": "initial", "hypothesisId": "H4"}
{"sessionId": "aedf66", "id": "log_1772271775229", "timestamp": 1772271775229, "location": "core/modules/extractor.py", "message": "page_extracted", "data": {"page_index": 0, "has_text": true}, "runId": "initial", "hypothesisId": "H4"}
{"sessionId": "aedf66", "id": "log_1772271775230", "timestamp": 1772271775230, "location": "core/modules/extractor.py", "message": "extract_text_from_pdf completed", "data": {"text_length": 1683}, "runId": "initial", "hypothesisId": "H4"}
{"sessionId": "aedf66", "id": "log_1772271835532", "timestamp": 1772271835532, "location": "core/modules/extractor.py", "message": "extract_text_from_pdf called", "data": {"file_path": "uploads\\SG_AI.pdf"}, "runId": "initial", "hypothesisId": "H4"}
{"sessionId": "aedf66", "id": "log_1772271835603", "timestamp": 1772271835603, "location": "core/modules/extractor.py", "message": "page_extracted", "data": {"page_index": 0, "has_text": true}, "runId": "initial", "hypothesisId": "H4"}
{"sessionId": "aedf66", "id": "log_1772271835604", "timestamp": 1772271835604, "location": "core/modules/extractor.py", "message": "extract_text_from_pdf completed", "data": {"text_length": 1683}, "runId": "initial", "hypothesisId": "H4"}
{"sessionId": "aedf66", "id": "log_1772271851420", "timestamp": 1772271851420, "location": "core/modules/extractor.py", "message": "extract_text_from_pdf called", "data": {"file_path": "uploads\\SG_AI.pdf"}, "runId": "initial", "hypothesisId": "H4"}
{"sessionId": "aedf66", "id": "log_1772271851474", "timestamp": 1772271851474, "location": "core/modules/extractor.py", "message": "page_extracted", "data": {"page_index": 0, "has_text": true}, "runId": "initial", "hypothesisId": "H4"}
{"sessionId": "aedf66", "id": "log_1772271851475", "timestamp": 1772271851475, "location": "core/modules/extractor.py", "message": "extract_text_from_pdf completed", "data": {"text_length": 1683}, "runId": "initial", "hypothesisId": "H4"}
